#
# There is insufficient memory for the Java Runtime Environment to continue.
# Native memory allocation (malloc) failed to allocate 309936 bytes for Chunk::new
# Possible reasons:
#   The system is out of physical RAM or swap space
#   In 32 bit mode, the process size limit was hit
# Possible solutions:
#   Reduce memory load on the system
#   Increase physical memory or swap space
#   Check if swap backing store is full
#   Use 64 bit Java on a 64 bit OS
#   Decrease Java heap size (-Xmx/-Xms)
#   Decrease number of Java threads
#   Decrease Java thread stack sizes (-Xss)
#   Set larger code cache with -XX:ReservedCodeCacheSize=
# This output file may be truncated or incomplete.
#
#  Out of Memory Error (allocation.cpp:323), pid=14164, tid=7020
#
# JRE version: Java(TM) SE Runtime Environment (7.0_80-b15) (build 1.7.0_80-b15)
# Java VM: Java HotSpot(TM) 64-Bit Server VM (24.80-b11 mixed mode windows-amd64 compressed oops)
# Failed to write core dump. Minidumps are not enabled by default on client versions of Windows
#

---------------  T H R E A D  ---------------

Current thread (0x0000000002ac5800):  JavaThread "C2 CompilerThread0" daemon [_thread_in_native, id=7020, stack(0x000000000b3e0000,0x000000000b4e0000)]

Stack: [0x000000000b3e0000,0x000000000b4e0000]
[error occurred during error reporting (printing stack bounds), id 0xc0000005]


Current CompileTask:
C2:   1529  286   !         com.android.dx.cf.code.Ropper::processBlock (1101 bytes)


---------------  P R O C E S S  ---------------

Java Threads: ( => current thread )
  0x0000000002acc000 JavaThread "Service Thread" daemon [_thread_blocked, id=13836, stack(0x000000000b5e0000,0x000000000b6e0000)]
  0x0000000002acb000 JavaThread "C2 CompilerThread1" daemon [_thread_in_native, id=11576, stack(0x000000000b4e0000,0x000000000b5e0000)]
=>0x0000000002ac5800 JavaThread "C2 CompilerThread0" daemon [_thread_in_native, id=7020, stack(0x000000000b3e0000,0x000000000b4e0000)]
  0x000000000ae14800 JavaThread "Attach Listener" daemon [_thread_blocked, id=10296, stack(0x000000000b2e0000,0x000000000b3e0000)]
  0x0000000002ac1800 JavaThread "Signal Dispatcher" daemon [_thread_blocked, id=5976, stack(0x000000000b1e0000,0x000000000b2e0000)]
  0x0000000008dd1000 JavaThread "Finalizer" daemon [_thread_blocked, id=12968, stack(0x000000000ace0000,0x000000000ade0000)]
  0x0000000008dc9800 JavaThread "Reference Handler" daemon [_thread_blocked, id=13100, stack(0x000000000abe0000,0x000000000ace0000)]
  0x00000000029cd800 JavaThread "main" [_thread_in_Java, id=12728, stack(0x0000000002850000,0x0000000002950000)]

Other Threads:
  0x0000000008dc4800 VMThread [stack: 0x000000000aae0000,0x000000000abe0000] [id=7808]
  0x0000000002ace800 WatcherThread [stack: 0x000000000b6e0000,0x000000000b7e0000] [id=13020]

VM state:not at safepoint (normal execution)

VM Mutex/Monitor currently owned by a thread: None

Heap
 PSYoungGen      total 38400K, used 32288K [0x00000000eaa80000, 0x00000000ef580000, 0x0000000100000000)
  eden space 33280K, 81% used [0x00000000eaa80000,0x00000000ec509928,0x00000000ecb00000)
  from space 5120K, 99% used [0x00000000ecb00000,0x00000000ecffe9d8,0x00000000ed000000)
  to   space 5120K, 0% used [0x00000000ef080000,0x00000000ef080000,0x00000000ef580000)
 ParOldGen       total 86528K, used 1944K [0x00000000c0000000, 0x00000000c5480000, 0x00000000eaa80000)
  object space 86528K, 2% used [0x00000000c0000000,0x00000000c01e6070,0x00000000c5480000)
 PSPermGen       total 21504K, used 5995K [0x00000000bae00000, 0x00000000bc300000, 0x00000000c0000000)
  object space 21504K, 27% used [0x00000000bae00000,0x00000000bb3dae70,0x00000000bc300000)

Card table byte_map: [0x0000000005b90000,0x0000000005dc0000] byte_map_base: 0x00000000055b9000

Polling page: 0x0000000002490000

Code Cache  [0x0000000002ad0000, 0x0000000002d40000, 0x0000000005ad0000)
 total_blobs=541 nmethods=302 adapters=191 free_code_cache=47891Kb largest_free_block=49009728

Compilation events (10 events):
Event: 1.494 Thread 0x0000000002acb000 nmethod 299 0x0000000002c0a390 code [0x0000000002c0a500, 0x0000000002c0ac78]
Event: 1.494 Thread 0x0000000002acb000  300             com.android.dx.ssa.SCCP::addBlockToWorklist (47 bytes)
Event: 1.500 Thread 0x0000000002acb000 nmethod 300 0x0000000002c0c3d0 code [0x0000000002c0c580, 0x0000000002c0cab0]
Event: 1.500 Thread 0x0000000002acb000  301             java.util.Arrays::hashCode (56 bytes)
Event: 1.504 Thread 0x0000000002acb000 nmethod 301 0x0000000002c09fd0 code [0x0000000002c0a120, 0x0000000002c0a278]
Event: 1.504 Thread 0x0000000002acb000  302             java.lang.Math::max (11 bytes)
Event: 1.504 Thread 0x0000000002acb000 nmethod 302 0x0000000002c0c1d0 code [0x0000000002c0c300, 0x0000000002c0c358]
Event: 1.504 Thread 0x0000000002acb000  303             com.android.dx.rop.code.BasicBlockList::forEachInsn (39 bytes)
Event: 1.507 Thread 0x0000000002acb000 nmethod 303 0x0000000002c10a10 code [0x0000000002c10b60, 0x0000000002c10df8]
Event: 1.507 Thread 0x0000000002acb000  304             com.android.dx.ssa.back.SsaToRop::removePhiFunctions (83 bytes)

GC Heap History (2 events):
Event: 0.829 GC heap before
{Heap before GC invocations=1 (full 0):
 PSYoungGen      total 38400K, used 33280K [0x00000000eaa80000, 0x00000000ed500000, 0x0000000100000000)
  eden space 33280K, 100% used [0x00000000eaa80000,0x00000000ecb00000,0x00000000ecb00000)
  from space 5120K, 0% used [0x00000000ed000000,0x00000000ed000000,0x00000000ed500000)
  to   space 5120K, 0% used [0x00000000ecb00000,0x00000000ecb00000,0x00000000ed000000)
 ParOldGen       total 86528K, used 0K [0x00000000c0000000, 0x00000000c5480000, 0x00000000eaa80000)
  object space 86528K, 0% used [0x00000000c0000000,0x00000000c0000000,0x00000000c5480000)
 PSPermGen       total 21504K, used 5770K [0x00000000bae00000, 0x00000000bc300000, 0x00000000c0000000)
  object space 21504K, 26% used [0x00000000bae00000,0x00000000bb3a2b98,0x00000000bc300000)
Event: 0.841 GC heap after
Heap after GC invocations=1 (full 0):
 PSYoungGen      total 38400K, used 5114K [0x00000000eaa80000, 0x00000000ef580000, 0x0000000100000000)
  eden space 33280K, 0% used [0x00000000eaa80000,0x00000000eaa80000,0x00000000ecb00000)
  from space 5120K, 99% used [0x00000000ecb00000,0x00000000ecffe9d8,0x00000000ed000000)
  to   space 5120K, 0% used [0x00000000ef080000,0x00000000ef080000,0x00000000ef580000)
 ParOldGen       total 86528K, used 1944K [0x00000000c0000000, 0x00000000c5480000, 0x00000000eaa80000)
  object space 86528K, 2% used [0x00000000c0000000,0x00000000c01e6070,0x00000000c5480000)
 PSPermGen       total 21504K, used 5770K [0x00000000bae00000, 0x00000000bc300000, 0x00000000c0000000)
  object space 21504K, 26% used [0x00000000bae00000,0x00000000bb3a2b98,0x00000000bc300000)
}

Deoptimization events (10 events):
Event: 1.157 Thread 0x000000000af31000 Uncommon trap: reason=bimorphic action=maybe_recompile pc=0x0000000002b96c44 method=com.android.dx.ssa.SCCP.simulatePhi(Lcom/android/dx/ssa/PhiInsn;)V @ 124
Event: 1.391 Thread 0x00000000029cd800 Uncommon trap: reason=class_check action=maybe_recompile pc=0x0000000002b91094 method=com.android.dx.util.FixedSizeList.equals(Ljava/lang/Object;)Z @ 25
Event: 1.391 Thread 0x00000000029cd800 Uncommon trap: reason=class_check action=maybe_recompile pc=0x0000000002b88028 method=java.util.Arrays.equals([Ljava/lang/Object;[Ljava/lang/Object;)Z @ 62
Event: 1.391 Thread 0x00000000029cd800 Uncommon trap: reason=class_check action=maybe_recompile pc=0x0000000002b91094 method=com.android.dx.util.FixedSizeList.equals(Ljava/lang/Object;)Z @ 25
Event: 1.391 Thread 0x00000000029cd800 Uncommon trap: reason=class_check action=maybe_recompile pc=0x0000000002b88028 method=java.util.Arrays.equals([Ljava/lang/Object;[Ljava/lang/Object;)Z @ 62
Event: 1.391 Thread 0x00000000029cd800 Uncommon trap: reason=class_check action=maybe_recompile pc=0x0000000002b91094 method=com.android.dx.util.FixedSizeList.equals(Ljava/lang/Object;)Z @ 25
Event: 1.391 Thread 0x00000000029cd800 Uncommon trap: reason=class_check action=maybe_recompile pc=0x0000000002b88028 method=java.util.Arrays.equals([Ljava/lang/Object;[Ljava/lang/Object;)Z @ 62
Event: 1.391 Thread 0x00000000029cd800 Uncommon trap: reason=class_check action=maybe_recompile pc=0x0000000002b91094 method=com.android.dx.util.FixedSizeList.equals(Ljava/lang/Object;)Z @ 25
Event: 1.391 Thread 0x00000000029cd800 Uncommon trap: reason=class_check action=maybe_recompile pc=0x0000000002b88028 method=java.util.Arrays.equals([Ljava/lang/Object;[Ljava/lang/Object;)Z @ 62
Event: 1.415 Thread 0x00000000029cd800 Uncommon trap: reason=unstable_if action=reinterpret pc=0x0000000002b7af98 method=com.android.dx.rop.code.RegisterSpecSet.equals(Ljava/lang/Object;)Z @ 30

Internal exceptions (10 events):
Event: 1.386 Thread 0x00000000029cd800 Threw 0x00000000ec2f30d0 at C:\re\jdk7u80\2329\hotspot\src\share\vm\prims\jvm.cpp:1319
Event: 1.386 Thread 0x00000000029cd800 Threw 0x00000000ec2f7ee0 at C:\re\jdk7u80\2329\hotspot\src\share\vm\prims\jvm.cpp:1319
Event: 1.387 Thread 0x00000000029cd800 Threw 0x00000000ec2fe070 at C:\re\jdk7u80\2329\hotspot\src\share\vm\prims\jvm.cpp:1319
Event: 1.387 Thread 0x00000000029cd800 Threw 0x00000000ec302388 at C:\re\jdk7u80\2329\hotspot\src\share\vm\prims\jvm.cpp:1319
Event: 1.388 Thread 0x00000000029cd800 Threw 0x00000000ec3050f0 at C:\re\jdk7u80\2329\hotspot\src\share\vm\prims\jvm.cpp:1319
Event: 1.388 Thread 0x00000000029cd800 Threw 0x00000000ec307c80 at C:\re\jdk7u80\2329\hotspot\src\share\vm\prims\jvm.cpp:1319
Event: 1.391 Thread 0x00000000029cd800 Threw 0x00000000ec30f120 at C:\re\jdk7u80\2329\hotspot\src\share\vm\prims\jvm.cpp:1319
Event: 1.391 Thread 0x00000000029cd800 Threw 0x00000000ec3129f0 at C:\re\jdk7u80\2329\hotspot\src\share\vm\prims\jvm.cpp:1319
Event: 1.392 Thread 0x00000000029cd800 Threw 0x00000000ec3157c0 at C:\re\jdk7u80\2329\hotspot\src\share\vm\prims\jvm.cpp:1319
Event: 1.423 Thread 0x00000000029cd800 Threw 0x00000000ec34f930 at C:\re\jdk7u80\2329\hotspot\src\share\vm\prims\jvm.cpp:1319

Events (10 events):
Event: 1.391 Thread 0x00000000029cd800 DEOPT UNPACKING pc=0x0000000002b075a4 sp=0x000000000294eec0 mode 2
Event: 1.391 loading class 0x000000000b067810
Event: 1.391 loading class 0x000000000b067810 done
Event: 1.392 loading class 0x000000000af81f30
Event: 1.392 loading class 0x000000000af81f30 done
Event: 1.415 Thread 0x00000000029cd800 Uncommon trap: trap_request=0xffffff75 fr.pc=0x0000000002b7af98
Event: 1.415 Thread 0x00000000029cd800 DEOPT PACKING pc=0x0000000002b7af98 sp=0x000000000294ed90
Event: 1.415 Thread 0x00000000029cd800 DEOPT UNPACKING pc=0x0000000002b075a4 sp=0x000000000294ed10 mode 2
Event: 1.423 loading class 0x000000000afe9af0
Event: 1.423 loading class 0x000000000afe9af0 done


Dynamic libraries:
0x00007ff79e3c0000 - 0x00007ff79e3f3000 	C:\Program Files\Java\jdk1.7.0_80\bin\java.exe
0x00007ffe137c0000 - 0x00007ffe13981000 	C:\windows\SYSTEM32\ntdll.dll
0x00007ffe13530000 - 0x00007ffe135dd000 	C:\windows\system32\KERNEL32.DLL
0x00007ffe10cb0000 - 0x00007ffe10e8d000 	C:\windows\system32\KERNELBASE.dll
0x00007ffe11040000 - 0x00007ffe110e6000 	C:\windows\system32\ADVAPI32.dll
0x00007ffe110f0000 - 0x00007ffe1118d000 	C:\windows\system32\msvcrt.dll
0x00007ffe11500000 - 0x00007ffe1155b000 	C:\windows\system32\sechost.dll
0x00007ffe119a0000 - 0x00007ffe11ac6000 	C:\windows\system32\RPCRT4.dll
0x00007ffe11c20000 - 0x00007ffe11d6e000 	C:\windows\system32\USER32.dll
0x00007ffe11560000 - 0x00007ffe116e6000 	C:\windows\system32\GDI32.dll
0x00007ffe0cdc0000 - 0x00007ffe0d034000 	C:\windows\WinSxS\amd64_microsoft.windows.common-controls_6595b64144ccf1df_6.0.10240.16384_none_f41f7b285750ef43\COMCTL32.dll
0x00007ffe11960000 - 0x00007ffe11996000 	C:\windows\system32\IMM32.DLL
0x00007ffe113a0000 - 0x00007ffe114fc000 	C:\windows\system32\MSCTF.dll
0x00000000690b0000 - 0x0000000069182000 	C:\Program Files\Java\jdk1.7.0_80\jre\bin\msvcr100.dll
0x0000000069620000 - 0x0000000069df9000 	C:\Program Files\Java\jdk1.7.0_80\jre\bin\server\jvm.dll
0x00007ffe11af0000 - 0x00007ffe11af8000 	C:\windows\system32\PSAPI.DLL
0x00007ffe0a550000 - 0x00007ffe0a559000 	C:\windows\SYSTEM32\WSOCK32.dll
0x00007ffe0e4a0000 - 0x00007ffe0e4c3000 	C:\windows\SYSTEM32\WINMM.dll
0x00007ffe11b00000 - 0x00007ffe11b69000 	C:\windows\system32\WS2_32.dll
0x00007ffe137b0000 - 0x00007ffe137b8000 	C:\windows\system32\NSI.dll
0x00007ffe0e440000 - 0x00007ffe0e46c000 	C:\windows\SYSTEM32\WINMMBASE.dll
0x00007ffe10c60000 - 0x00007ffe10ca4000 	C:\windows\system32\cfgmgr32.dll
0x00007ffe0eb60000 - 0x00007ffe0eb87000 	C:\windows\SYSTEM32\DEVOBJ.dll
0x0000000069530000 - 0x000000006953f000 	C:\Program Files\Java\jdk1.7.0_80\jre\bin\verify.dll
0x0000000069500000 - 0x0000000069528000 	C:\Program Files\Java\jdk1.7.0_80\jre\bin\java.dll
0x00000000694e0000 - 0x00000000694f6000 	C:\Program Files\Java\jdk1.7.0_80\jre\bin\zip.dll
0x00000000694c0000 - 0x00000000694da000 	C:\Program Files\Java\jdk1.7.0_80\jre\bin\net.dll
0x00007ffe0fa60000 - 0x00007ffe0fabd000 	C:\windows\system32\mswsock.dll
0x00000000694a0000 - 0x00000000694b1000 	C:\Program Files\Java\jdk1.7.0_80\jre\bin\nio.dll

VM Arguments:
jvm_args: -Djava.awt.headless=true -Xmx1024M -Dfile.encoding=GBK -Duser.country=CN -Duser.language=zh -Duser.variant 
java_command: com.android.dx.command.Main --dex --force-jumbo --num-threads=4 --output C:\github_demo\Volley_okhttp\app\build\intermediates\pre-dexed\debug\instant-run_f0247901834d23c5c00d92451ae65c89b05808c2.jar C:\github_demo\Volley_okhttp\app\build\intermediates\incremental-runtime-classes\debug\instant-run.jar
Launcher Type: SUN_STANDARD

Environment Variables:
PATH=C:\windows\system32;C:\windows;C:\windows\System32\Wbem;C:\windows\System32\WindowsPowerShell\v1.0\;C:\Program Files\TortoiseSVN\bin;C:\Program Files\VisualSVN Server\bin;C:\tools\sdk\platform-tools
USERNAME=Administrator
OS=Windows_NT
PROCESSOR_IDENTIFIER=Intel64 Family 6 Model 60 Stepping 3, GenuineIntel



---------------  S Y S T E M  ---------------

OS: Windows 8.1 , 64 bit Build 9600 

CPU:total 8 (4 cores per cpu, 2 threads per core) family 6 model 60 stepping 3, cmov, cx8, fxsr, mmx, sse, sse2, sse3, ssse3, sse4.1, sse4.2, popcnt, avx, avx2, aes, erms, ht, tsc, tscinvbit

Memory: 4k page, physical 8334200k(2073052k free), swap 10431352k(5364k free)

vm_info: Java HotSpot(TM) 64-Bit Server VM (24.80-b11) for windows-amd64 JRE (1.7.0_80-b15), built on Apr 10 2015 11:26:34 by "java_re" with unknown MS VC++:1600

time: Mon Aug 22 17:18:21 2016
elapsed time: 1 seconds

